<?xml version="1.0" encoding="UTF-8"?>
<!-- Generated by org.testng.reporters.JUnitReportReporter -->
<testsuite hostname="Zays-MBP" failures="0" tests="1" name="com.chroma.seleniumClasses.AppTest" time="0.005" errors="0" timestamp="2023-03-20T22:38:17 EDT" skipped="0">
  <testcase classname="com.chroma.seleniumClasses.AppTest" name="shouldAnswerWithTrue" time="0.005"/>
  <system-out/>
</testsuite> <!-- com.chroma.seleniumClasses.AppTest -->
